  fingerprintFunctions.cpp
C:\Users\smbsv\Desktop\Work\provaFormGrafici\fingerprintFunctions.cpp(91,10): warning C4244: 'return': conversione da 'int' a 'float'. Possibile perdita di dati.
C:\Users\smbsv\Desktop\Work\provaFormGrafici\fingerprintFunctions.cpp(119,6): warning C4996: 'strcpy': This function or variable may be unsafe. Consider using strcpy_s instead. To disable deprecation, use _CRT_SECURE_NO_WARNINGS. See online help for details.
C:\Users\smbsv\Desktop\Work\provaFormGrafici\fingerprintFunctions.cpp(264,3): warning C4996: 'strcpy': This function or variable may be unsafe. Consider using strcpy_s instead. To disable deprecation, use _CRT_SECURE_NO_WARNINGS. See online help for details.
C:\Users\smbsv\Desktop\Work\provaFormGrafici\fingerprintFunctions.cpp(267,3): warning C4996: 'strcat': This function or variable may be unsafe. Consider using strcat_s instead. To disable deprecation, use _CRT_SECURE_NO_WARNINGS. See online help for details.
C:\Users\smbsv\Desktop\Work\provaFormGrafici\fingerprintFunctions.cpp(268,3): warning C4996: 'strcat': This function or variable may be unsafe. Consider using strcat_s instead. To disable deprecation, use _CRT_SECURE_NO_WARNINGS. See online help for details.
C:\Users\smbsv\Desktop\Work\provaFormGrafici\fingerprintFunctions.cpp(269,3): warning C4996: 'strcat': This function or variable may be unsafe. Consider using strcat_s instead. To disable deprecation, use _CRT_SECURE_NO_WARNINGS. See online help for details.
C:\Users\smbsv\Desktop\Work\provaFormGrafici\fingerprintFunctions.cpp(440,2): warning C4996: 'strcpy': This function or variable may be unsafe. Consider using strcpy_s instead. To disable deprecation, use _CRT_SECURE_NO_WARNINGS. See online help for details.
C:\Users\smbsv\Desktop\Work\provaFormGrafici\fingerprintFunctions.cpp(441,2): warning C4996: 'strcat': This function or variable may be unsafe. Consider using strcat_s instead. To disable deprecation, use _CRT_SECURE_NO_WARNINGS. See online help for details.
C:\Users\smbsv\Desktop\Work\provaFormGrafici\fingerprintFunctions.cpp(442,2): warning C4996: 'strcat': This function or variable may be unsafe. Consider using strcat_s instead. To disable deprecation, use _CRT_SECURE_NO_WARNINGS. See online help for details.
C:\Users\smbsv\Desktop\Work\provaFormGrafici\fingerprintFunctions.cpp(443,2): warning C4996: 'strcat': This function or variable may be unsafe. Consider using strcat_s instead. To disable deprecation, use _CRT_SECURE_NO_WARNINGS. See online help for details.
C:\Users\smbsv\Desktop\Work\provaFormGrafici\fingerprintFunctions.cpp(444,2): warning C4996: 'strcat': This function or variable may be unsafe. Consider using strcat_s instead. To disable deprecation, use _CRT_SECURE_NO_WARNINGS. See online help for details.
C:\Users\smbsv\Desktop\Work\provaFormGrafici\fingerprintFunctions.cpp(445,2): warning C4996: 'strcat': This function or variable may be unsafe. Consider using strcat_s instead. To disable deprecation, use _CRT_SECURE_NO_WARNINGS. See online help for details.
C:\Users\smbsv\Desktop\Work\provaFormGrafici\fingerprintFunctions.cpp(556,41): warning C4244: 'argomento': conversione da 'float' a 'int'. Possibile perdita di dati.
C:\Users\smbsv\Desktop\Work\provaFormGrafici\fingerprintFunctions.cpp(533,5): warning C4996: 'strcpy': This function or variable may be unsafe. Consider using strcpy_s instead. To disable deprecation, use _CRT_SECURE_NO_WARNINGS. See online help for details.
C:\Users\smbsv\Desktop\Work\provaFormGrafici\fingerprintFunctions.cpp(536,5): warning C4996: 'strcpy': This function or variable may be unsafe. Consider using strcpy_s instead. To disable deprecation, use _CRT_SECURE_NO_WARNINGS. See online help for details.
C:\Users\smbsv\Desktop\Work\provaFormGrafici\fingerprintFunctions.cpp(539,5): warning C4996: 'strcpy': This function or variable may be unsafe. Consider using strcpy_s instead. To disable deprecation, use _CRT_SECURE_NO_WARNINGS. See online help for details.
C:\Users\smbsv\Desktop\Work\provaFormGrafici\fingerprintFunctions.cpp(542,5): warning C4996: 'strcpy': This function or variable may be unsafe. Consider using strcpy_s instead. To disable deprecation, use _CRT_SECURE_NO_WARNINGS. See online help for details.
C:\Users\smbsv\Desktop\Work\provaFormGrafici\fingerprintFunctions.cpp(545,5): warning C4996: 'strcpy': This function or variable may be unsafe. Consider using strcpy_s instead. To disable deprecation, use _CRT_SECURE_NO_WARNINGS. See online help for details.
C:\Users\smbsv\Desktop\Work\provaFormGrafici\fingerprintFunctions.cpp(499,8): warning C4101: 'buffer': variabile locale senza riferimenti
C:\Users\smbsv\Desktop\Work\provaFormGrafici\fingerprintFunctions.cpp(777,1): warning C4715: 'convertErrorToText': non tutti i percorsi di controllo restituiscono un valore
  about.obj : rilevato modulo MSIL; il collegamento incrementale è disabilitato per MSIL; verrà eseguito il collegamento completo
  provaFormGrafici.vcxproj -> C:\Users\smbsv\Desktop\Work\x64\Debug\provaFormGrafici.exe
